<?xml version="1.0" encoding="UTF-8"?>
<!-- Generated by org.testng.reporters.JUnitXMLReporter -->
<testsuite hostname="MacBook-Pro" ignored="0" name="Default test" tests="4" failures="0" timestamp="2021-11-01T09:15:04 EDT" time="10.512" errors="0">
  <testcase name="getTimeStamp" time="0.017" classname="com.hrms.testcases.LoginTest"/>
  <testcase name="invalidLogin" time="0.458" classname="com.hrms.testcases.LoginTest"/>
  <testcase name="invalidLogin" time="0.345" classname="com.hrms.testcases.LoginTest"/>
  <testcase name="invalidLogin" time="0.866" classname="com.hrms.testcases.LoginTest"/>
</testsuite> <!-- Default test -->
