<?xml version="1.0" encoding="UTF-8"?>
<!-- Generated by org.testng.reporters.JUnitXMLReporter -->
<testsuite hostname="MacBook-Pro" ignored="3" tests="0" failures="0" timestamp="2022-09-03T10:27:27 EDT" time="0.018" errors="0">
  <testcase name="addEmployee" time="0.0" classname="com.hrms.testcases.AddEmployeeTest">
    <ignored/>
  </testcase> <!-- addEmployee -->
  <testcase name="addMultipleEmployees" time="0.0" classname="com.hrms.testcases.AddEmployeeTest">
    <ignored/>
  </testcase> <!-- addMultipleEmployees -->
  <testcase name="invalidLogin" time="0.0" classname="com.hrms.testcases.LoginTest">
    <ignored/>
  </testcase> <!-- invalidLogin -->
</testsuite>
