<?xml version="1.0" encoding="UTF-8"?>
<testng-results skipped="0" failed="0" ignored="0" total="4" passed="4">
  <reporter-output>
  </reporter-output>
  <suite name="Default suite" duration-ms="10512" started-at="2021-11-01T09:14:54 EDT" finished-at="2021-11-01T09:15:04 EDT">
    <groups>
      <group name="regression">
        <method signature="LoginTest.invalidLogin(java.lang.String, java.lang.String, java.lang.String)[pri:0, instance:com.hrms.testcases.LoginTest@670b40af]" name="invalidLogin" class="com.hrms.testcases.LoginTest"/>
      </group> <!-- regression -->
    </groups>
    <test name="Default test" duration-ms="10512" started-at="2021-11-01T09:14:54 EDT" finished-at="2021-11-01T09:15:04 EDT">
      <class name="com.hrms.testcases.LoginTest">
        <test-method status="PASS" signature="setUp()[pri:0, instance:com.hrms.testcases.LoginTest@670b40af]" name="setUp" is-config="true" duration-ms="2677" started-at="2021-11-01T09:14:54 EDT" finished-at="2021-11-01T09:14:57 EDT">
          <reporter-output>
          </reporter-output>
        </test-method> <!-- setUp -->
        <test-method status="PASS" signature="getTimeStamp()[pri:0, instance:com.hrms.testcases.LoginTest@670b40af]" name="getTimeStamp" duration-ms="17" started-at="2021-11-01T09:14:57 EDT" finished-at="2021-11-01T09:14:57 EDT">
          <reporter-output>
          </reporter-output>
        </test-method> <!-- getTimeStamp -->
        <test-method status="PASS" signature="tearDown()[pri:0, instance:com.hrms.testcases.LoginTest@670b40af]" name="tearDown" is-config="true" duration-ms="93" started-at="2021-11-01T09:14:57 EDT" finished-at="2021-11-01T09:14:57 EDT">
          <reporter-output>
          </reporter-output>
        </test-method> <!-- tearDown -->
        <test-method status="PASS" signature="setUp()[pri:0, instance:com.hrms.testcases.LoginTest@670b40af]" name="setUp" is-config="true" duration-ms="1873" started-at="2021-11-01T09:14:57 EDT" finished-at="2021-11-01T09:14:59 EDT">
          <reporter-output>
          </reporter-output>
        </test-method> <!-- setUp -->
        <test-method status="PASS" signature="invalidLogin(java.lang.String, java.lang.String, java.lang.String)[pri:0, instance:com.hrms.testcases.LoginTest@670b40af]" name="invalidLogin" duration-ms="458" started-at="2021-11-01T09:14:59 EDT" data-provider="invalidCredentials" finished-at="2021-11-01T09:14:59 EDT">
          <params>
            <param index="0">
              <value>
                <![CDATA[]]>
              </value>
            </param>
            <param index="1">
              <value>
                <![CDATA[Hum@nhrm123]]>
              </value>
            </param>
            <param index="2">
              <value>
                <![CDATA[Username cannot be empty]]>
              </value>
            </param>
          </params>
          <reporter-output>
          </reporter-output>
        </test-method> <!-- invalidLogin -->
        <test-method status="PASS" signature="tearDown()[pri:0, instance:com.hrms.testcases.LoginTest@670b40af]" name="tearDown" is-config="true" duration-ms="104" started-at="2021-11-01T09:14:59 EDT" finished-at="2021-11-01T09:14:59 EDT">
          <reporter-output>
          </reporter-output>
        </test-method> <!-- tearDown -->
        <test-method status="PASS" signature="setUp()[pri:0, instance:com.hrms.testcases.LoginTest@670b40af]" name="setUp" is-config="true" duration-ms="1883" started-at="2021-11-01T09:14:59 EDT" finished-at="2021-11-01T09:15:01 EDT">
          <reporter-output>
          </reporter-output>
        </test-method> <!-- setUp -->
        <test-method status="PASS" signature="invalidLogin(java.lang.String, java.lang.String, java.lang.String)[pri:0, instance:com.hrms.testcases.LoginTest@670b40af]" name="invalidLogin" duration-ms="345" started-at="2021-11-01T09:15:01 EDT" data-provider="invalidCredentials" finished-at="2021-11-01T09:15:01 EDT">
          <params>
            <param index="0">
              <value>
                <![CDATA[Admin]]>
              </value>
            </param>
            <param index="1">
              <value>
                <![CDATA[]]>
              </value>
            </param>
            <param index="2">
              <value>
                <![CDATA[Password cannot be empty]]>
              </value>
            </param>
          </params>
          <reporter-output>
          </reporter-output>
        </test-method> <!-- invalidLogin -->
        <test-method status="PASS" signature="tearDown()[pri:0, instance:com.hrms.testcases.LoginTest@670b40af]" name="tearDown" is-config="true" duration-ms="145" started-at="2021-11-01T09:15:01 EDT" finished-at="2021-11-01T09:15:02 EDT">
          <reporter-output>
          </reporter-output>
        </test-method> <!-- tearDown -->
        <test-method status="PASS" signature="setUp()[pri:0, instance:com.hrms.testcases.LoginTest@670b40af]" name="setUp" is-config="true" duration-ms="1884" started-at="2021-11-01T09:15:02 EDT" finished-at="2021-11-01T09:15:03 EDT">
          <reporter-output>
          </reporter-output>
        </test-method> <!-- setUp -->
        <test-method status="PASS" signature="invalidLogin(java.lang.String, java.lang.String, java.lang.String)[pri:0, instance:com.hrms.testcases.LoginTest@670b40af]" name="invalidLogin" duration-ms="866" started-at="2021-11-01T09:15:03 EDT" data-provider="invalidCredentials" finished-at="2021-11-01T09:15:04 EDT">
          <params>
            <param index="0">
              <value>
                <![CDATA[Admin]]>
              </value>
            </param>
            <param index="1">
              <value>
                <![CDATA[Hum@nhrm12]]>
              </value>
            </param>
            <param index="2">
              <value>
                <![CDATA[Invalid credentials]]>
              </value>
            </param>
          </params>
          <reporter-output>
          </reporter-output>
        </test-method> <!-- invalidLogin -->
        <test-method status="PASS" signature="tearDown()[pri:0, instance:com.hrms.testcases.LoginTest@670b40af]" name="tearDown" is-config="true" duration-ms="113" started-at="2021-11-01T09:15:04 EDT" finished-at="2021-11-01T09:15:04 EDT">
          <reporter-output>
          </reporter-output>
        </test-method> <!-- tearDown -->
      </class> <!-- com.hrms.testcases.LoginTest -->
    </test> <!-- Default test -->
  </suite> <!-- Default suite -->
</testng-results>
